{"contracts/ExclusiveRightsNFT.sol":{"l":{"31":22,"35":10,"36":8,"44":7,"46":6,"54":1,"62":11,"63":11,"65":9,"67":9,"69":9,"70":9,"72":9,"80":11,"88":11,"96":7,"103":1},"path":"/Users/a.saintvanne/Desktop/BC/shutter-proof/truffle/contracts/ExclusiveRightsNFT.sol","s":{"1":10,"2":7,"3":11,"4":11,"5":9,"6":9,"7":11,"8":7,"9":1},"b":{"1":[8,2],"2":[7,1],"3":[6,1],"4":[1,1],"5":[9,0],"6":[11,0],"7":[0,11]},"f":{"1":22,"2":10,"3":7,"4":1,"5":11,"6":11,"7":11,"8":7,"9":1},"fnMap":{"1":{"name":"constructor","line":29,"loc":{"start":{"line":29,"column":4},"end":{"line":32,"column":4}}},"2":{"name":"onlyOwner","line":34,"loc":{"start":{"line":34,"column":4},"end":{"line":37,"column":4}}},"3":{"name":"saleExclusiveRights","line":42,"loc":{"start":{"line":42,"column":4},"end":{"line":48,"column":4}}},"4":{"name":"unsaleExclusiveRights","line":52,"loc":{"start":{"line":52,"column":4},"end":{"line":55,"column":4}}},"5":{"name":"mint","line":60,"loc":{"start":{"line":60,"column":4},"end":{"line":73,"column":4}}},"6":{"name":"_beforeTokenTransfer","line":78,"loc":{"start":{"line":78,"column":4},"end":{"line":81,"column":4}}},"7":{"name":"_afterTokenTransfer","line":86,"loc":{"start":{"line":86,"column":4},"end":{"line":89,"column":4}}},"8":{"name":"getPrice","line":94,"loc":{"start":{"line":94,"column":4},"end":{"line":97,"column":4}}},"9":{"name":"getSBT","line":101,"loc":{"start":{"line":101,"column":4},"end":{"line":104,"column":4}}}},"statementMap":{"1":{"start":{"line":35,"column":8},"end":{"line":35,"column":75}},"2":{"start":{"line":44,"column":8},"end":{"line":44,"column":57}},"3":{"start":{"line":62,"column":8},"end":{"line":62,"column":60}},"4":{"start":{"line":63,"column":8},"end":{"line":63,"column":47}},"5":{"start":{"line":65,"column":8},"end":{"line":65,"column":104}},"6":{"start":{"line":67,"column":8},"end":{"line":67,"column":29}},"7":{"start":{"line":80,"column":8},"end":{"line":80,"column":112}},"8":{"start":{"line":96,"column":8},"end":{"line":96,"column":33}},"9":{"start":{"line":103,"column":8},"end":{"line":103,"column":27}}},"branchMap":{"1":{"line":35,"type":"if","locations":[{"start":{"line":35,"column":8},"end":{"line":35,"column":8}},{"start":{"line":35,"column":8},"end":{"line":35,"column":8}}]},"2":{"line":42,"type":"if","locations":[{"start":{"line":42,"column":68},"end":{"line":42,"column":68}},{"start":{"line":42,"column":68},"end":{"line":42,"column":68}}]},"3":{"line":44,"type":"if","locations":[{"start":{"line":44,"column":8},"end":{"line":44,"column":8}},{"start":{"line":44,"column":8},"end":{"line":44,"column":8}}]},"4":{"line":52,"type":"if","locations":[{"start":{"line":52,"column":58},"end":{"line":52,"column":58}},{"start":{"line":52,"column":58},"end":{"line":52,"column":58}}]},"5":{"line":65,"type":"if","locations":[{"start":{"line":65,"column":8},"end":{"line":65,"column":8}},{"start":{"line":65,"column":8},"end":{"line":65,"column":8}}]},"6":{"line":80,"type":"if","locations":[{"start":{"line":80,"column":8},"end":{"line":80,"column":8}},{"start":{"line":80,"column":8},"end":{"line":80,"column":8}}]},"7":{"line":80,"type":"cond-expr","locations":[{"start":{"line":80,"column":16},"end":{"line":80,"column":31}},{"start":{"line":80,"column":36},"end":{"line":80,"column":71}}]}}},"contracts/PaternitySBT.sol":{"l":{"28":18,"29":18,"37":10,"39":9,"40":9,"41":9,"43":9,"45":9,"47":9,"53":9,"59":2,"61":1},"path":"/Users/a.saintvanne/Desktop/BC/shutter-proof/truffle/contracts/PaternitySBT.sol","s":{"1":10,"2":9,"3":9,"4":9,"5":9,"6":9,"7":2,"8":1},"b":{"1":[9,1],"2":[1,1]},"f":{"1":18,"2":10,"3":9,"4":2},"fnMap":{"1":{"name":"constructor","line":26,"loc":{"start":{"line":26,"column":4},"end":{"line":30,"column":4}}},"2":{"name":"mint","line":35,"loc":{"start":{"line":35,"column":4},"end":{"line":48,"column":4}}},"3":{"name":"getOwner","line":51,"loc":{"start":{"line":51,"column":4},"end":{"line":54,"column":4}}},"4":{"name":"getToken","line":57,"loc":{"start":{"line":57,"column":4},"end":{"line":62,"column":4}}}},"statementMap":{"1":{"start":{"line":37,"column":8},"end":{"line":37,"column":58}},"2":{"start":{"line":39,"column":8},"end":{"line":39,"column":30}},"3":{"start":{"line":41,"column":8},"end":{"line":41,"column":39}},"4":{"start":{"line":45,"column":8},"end":{"line":45,"column":26}},"5":{"start":{"line":47,"column":8},"end":{"line":47,"column":22}},"6":{"start":{"line":53,"column":8},"end":{"line":53,"column":20}},"7":{"start":{"line":59,"column":8},"end":{"line":59,"column":57}},"8":{"start":{"line":61,"column":8},"end":{"line":61,"column":31}}},"branchMap":{"1":{"line":37,"type":"if","locations":[{"start":{"line":37,"column":8},"end":{"line":37,"column":8}},{"start":{"line":37,"column":8},"end":{"line":37,"column":8}}]},"2":{"line":59,"type":"if","locations":[{"start":{"line":59,"column":8},"end":{"line":59,"column":8}},{"start":{"line":59,"column":8},"end":{"line":59,"column":8}}]}}},"contracts/ShutterProof.sol":{"l":{"42":22,"51":26,"53":26,"54":25,"55":24,"56":323,"59":23,"60":23,"61":23,"62":23,"65":23,"66":18,"69":23,"76":37,"83":2,"85":1,"92":6,"94":5,"95":5,"97":4,"98":4,"100":3,"102":2,"104":2,"105":2,"107":2,"108":2,"109":1,"110":1,"117":11},"path":"/Users/a.saintvanne/Desktop/BC/shutter-proof/truffle/contracts/ShutterProof.sol","s":{"1":26,"2":26,"3":25,"4":24,"5":323,"6":23,"7":23,"8":37,"9":2,"10":1,"11":6,"12":5,"13":5,"14":4,"15":4,"16":3,"17":2,"18":2,"19":2,"20":2,"21":2,"22":1,"23":1,"24":11},"b":{"1":[25,1],"2":[24,1],"3":[322,1],"4":[18,5],"5":[1,1],"6":[6,0],"7":[5,1],"8":[4,1],"9":[3,1],"10":[2,1],"11":[2,0],"12":[1,1],"13":[1,0]},"f":{"1":22,"2":26,"3":37,"4":2,"5":6,"6":11},"fnMap":{"1":{"name":"constructor","line":41,"loc":{"start":{"line":41,"column":4},"end":{"line":43,"column":4}}},"2":{"name":"register","line":49,"loc":{"start":{"line":49,"column":4},"end":{"line":70,"column":4}}},"3":{"name":"getUser","line":74,"loc":{"start":{"line":74,"column":4},"end":{"line":77,"column":4}}},"4":{"name":"getPaternitySBT","line":81,"loc":{"start":{"line":81,"column":4},"end":{"line":86,"column":4}}},"5":{"name":"buyExclusiveRights","line":90,"loc":{"start":{"line":90,"column":4},"end":{"line":112,"column":4}}},"6":{"name":"getExclusiveRightsNFT","line":115,"loc":{"start":{"line":115,"column":4},"end":{"line":118,"column":4}}}},"statementMap":{"1":{"start":{"line":51,"column":8},"end":{"line":51,"column":44}},"2":{"start":{"line":53,"column":8},"end":{"line":53,"column":62}},"3":{"start":{"line":54,"column":8},"end":{"line":54,"column":87}},"4":{"start":{"line":55,"column":8},"end":{"line":55,"column":1663}},"5":{"start":{"line":56,"column":12},"end":{"line":56,"column":84}},"6":{"start":{"line":65,"column":8},"end":{"line":65,"column":2033}},"7":{"start":{"line":69,"column":8},"end":{"line":69,"column":46}},"8":{"start":{"line":76,"column":8},"end":{"line":76,"column":30}},"9":{"start":{"line":83,"column":8},"end":{"line":83,"column":95}},"10":{"start":{"line":85,"column":8},"end":{"line":85,"column":34}},"11":{"start":{"line":92,"column":8},"end":{"line":92,"column":72}},"12":{"start":{"line":94,"column":8},"end":{"line":94,"column":57}},"13":{"start":{"line":95,"column":8},"end":{"line":95,"column":56}},"14":{"start":{"line":97,"column":8},"end":{"line":97,"column":60}},"15":{"start":{"line":98,"column":8},"end":{"line":98,"column":68}},"16":{"start":{"line":100,"column":8},"end":{"line":100,"column":58}},"17":{"start":{"line":102,"column":8},"end":{"line":102,"column":71}},"18":{"start":{"line":104,"column":8},"end":{"line":104,"column":57}},"19":{"start":{"line":105,"column":8},"end":{"line":105,"column":53}},"20":{"start":{"line":107,"column":8},"end":{"line":107,"column":42}},"21":{"start":{"line":108,"column":8},"end":{"line":108,"column":3565}},"22":{"start":{"line":109,"column":12},"end":{"line":109,"column":66}},"23":{"start":{"line":110,"column":12},"end":{"line":110,"column":54}},"24":{"start":{"line":117,"column":8},"end":{"line":117,"column":33}}},"branchMap":{"1":{"line":53,"type":"if","locations":[{"start":{"line":53,"column":8},"end":{"line":53,"column":8}},{"start":{"line":53,"column":8},"end":{"line":53,"column":8}}]},"2":{"line":54,"type":"if","locations":[{"start":{"line":54,"column":8},"end":{"line":54,"column":8}},{"start":{"line":54,"column":8},"end":{"line":54,"column":8}}]},"3":{"line":56,"type":"if","locations":[{"start":{"line":56,"column":12},"end":{"line":56,"column":12}},{"start":{"line":56,"column":12},"end":{"line":56,"column":12}}]},"4":{"line":65,"type":"if","locations":[{"start":{"line":65,"column":8},"end":{"line":65,"column":8}},{"start":{"line":65,"column":8},"end":{"line":65,"column":8}}]},"5":{"line":83,"type":"if","locations":[{"start":{"line":83,"column":8},"end":{"line":83,"column":8}},{"start":{"line":83,"column":8},"end":{"line":83,"column":8}}]},"6":{"line":90,"type":"if","locations":[{"start":{"line":90,"column":49},"end":{"line":90,"column":49}},{"start":{"line":90,"column":49},"end":{"line":90,"column":49}}]},"7":{"line":92,"type":"if","locations":[{"start":{"line":92,"column":8},"end":{"line":92,"column":8}},{"start":{"line":92,"column":8},"end":{"line":92,"column":8}}]},"8":{"line":95,"type":"if","locations":[{"start":{"line":95,"column":8},"end":{"line":95,"column":8}},{"start":{"line":95,"column":8},"end":{"line":95,"column":8}}]},"9":{"line":98,"type":"if","locations":[{"start":{"line":98,"column":8},"end":{"line":98,"column":8}},{"start":{"line":98,"column":8},"end":{"line":98,"column":8}}]},"10":{"line":100,"type":"if","locations":[{"start":{"line":100,"column":8},"end":{"line":100,"column":8}},{"start":{"line":100,"column":8},"end":{"line":100,"column":8}}]},"11":{"line":105,"type":"if","locations":[{"start":{"line":105,"column":8},"end":{"line":105,"column":8}},{"start":{"line":105,"column":8},"end":{"line":105,"column":8}}]},"12":{"line":108,"type":"if","locations":[{"start":{"line":108,"column":8},"end":{"line":108,"column":8}},{"start":{"line":108,"column":8},"end":{"line":108,"column":8}}]},"13":{"line":110,"type":"if","locations":[{"start":{"line":110,"column":12},"end":{"line":110,"column":12}},{"start":{"line":110,"column":12},"end":{"line":110,"column":12}}]}}}}